<?xml version="1.0" encoding="UTF-8"?>
<!-- Generated by org.testng.reporters.JUnitReportReporter -->
<testsuite skipped="0" hostname="DESKTOP-2VSJOD1" name="Runner.Runner" tests="11" failures="0" timestamp="2019-11-30T13:01:47 IST" time="260.913" errors="0">
  <testcase name="runScenario" time="21.994" classname="Runner.Runner"/>
  <testcase name="runScenario" time="23.525" classname="Runner.Runner"/>
  <testcase name="runScenario" time="22.902" classname="Runner.Runner"/>
  <testcase name="runScenario" time="23.846" classname="Runner.Runner"/>
  <testcase name="runScenario" time="25.381" classname="Runner.Runner"/>
  <testcase name="runScenario" time="23.368" classname="Runner.Runner"/>
  <testcase name="runScenario" time="23.454" classname="Runner.Runner"/>
  <testcase name="runScenario" time="24.378" classname="Runner.Runner"/>
  <testcase name="runScenario" time="24.460" classname="Runner.Runner"/>
  <testcase name="runScenario" time="23.234" classname="Runner.Runner"/>
  <testcase name="runScenario" time="24.371" classname="Runner.Runner"/>
</testsuite> <!-- Runner.Runner -->
