<?xml version="1.0" encoding="UTF-8"?>
<!-- Generated by org.testng.reporters.JUnitReportReporter -->
<testsuite skipped="0" hostname="DESKTOP-2VSJOD1" name="org.testleaf.leaftap.base.CreateLead" tests="5" failures="0" timestamp="2019-11-24T22:47:20 IST" time="238.045" errors="0">
  <testcase name="createLead" time="37.999" classname="org.testleaf.leaftap.base.CreateLead"/>
  <testcase name="createLead" time="35.522" classname="org.testleaf.leaftap.base.CreateLead"/>
  <testcase name="createLead" time="40.078" classname="org.testleaf.leaftap.base.CreateLead"/>
  <testcase name="createLead" time="42.608" classname="org.testleaf.leaftap.base.CreateLead"/>
  <testcase name="createLead" time="81.838" classname="org.testleaf.leaftap.base.CreateLead"/>
</testsuite> <!-- org.testleaf.leaftap.base.CreateLead -->
