<?xml version="1.0" encoding="UTF-8"?>
<!-- Generated by org.testng.reporters.JUnitReportReporter -->
<testsuite skipped="0" hostname="DESKTOP-2VSJOD1" name="org.testleaf.leaftap.base.NewLead" tests="5" failures="0" timestamp="2019-11-24T22:47:20 IST" time="136.506" errors="0">
  <testcase name="newLead" time="26.983" classname="org.testleaf.leaftap.base.NewLead"/>
  <testcase name="newLead" time="23.593" classname="org.testleaf.leaftap.base.NewLead"/>
  <testcase name="newLead" time="25.306" classname="org.testleaf.leaftap.base.NewLead"/>
  <testcase name="newLead" time="28.141" classname="org.testleaf.leaftap.base.NewLead"/>
  <testcase name="newLead" time="32.483" classname="org.testleaf.leaftap.base.NewLead"/>
</testsuite> <!-- org.testleaf.leaftap.base.NewLead -->
